<?xml version="1.0" encoding="UTF-8"?>
<!-- Generated by org.testng.reporters.JUnitXMLReporter -->
<testsuite ignored="0" hostname="del1-lhp-n68376" failures="0" tests="3" name="TC-1" time="25.684" errors="0" timestamp="28 Apr 2020 23:22:57 GMT">
  <testcase classname="com.test.CircPro_LoginTest" name="invalid_login" time="4.557"/>
  <testcase classname="com.test.CircPro_LoginTest" name="invalid_loginblank" time="3.648"/>
  <testcase classname="com.test.CircPro_LoginTest" name="login_circPro" time="6.286"/>
</testsuite> <!-- TC-1 -->
