<?xml version="1.0" encoding="UTF-8"?>
<!-- Generated by org.testng.reporters.JUnitXMLReporter -->
<testsuite ignored="0" hostname="del1-lhp-n68376" failures="0" tests="8" name="TC-7" time="407.696" errors="0" timestamp="28 Apr 2020 23:34:22 GMT">
  <testcase classname="com.test.CircPro_ReportsBundleTopsManifestsTest" name="reports_CriteriaBasedListing" time="56.8"/>
  <testcase classname="com.test.CircPro_ReportsBundleTopsManifestsTest" name="reports_NonSubListing" time="62.41"/>
  <testcase classname="com.test.CircPro_ReportsBundleTopsManifestsTest" name="reports_bundleTop" time="53.283"/>
  <testcase classname="com.test.CircPro_ReportsBundleTopsManifestsTest" name="reports_manifest_aamReport" time="52.661"/>
  <testcase classname="com.test.CircPro_ReportsBundleTopsManifestsTest" name="reports_manifest_dailyCashDistributor" time="52.787"/>
  <testcase classname="com.test.CircPro_ReportsBundleTopsManifestsTest" name="reports_manifest_deliveryTruck" time="53.132"/>
  <testcase classname="com.test.CircPro_ReportsBundleTopsManifestsTest" name="reports_manifest_deliveryTruckLoading" time="52.608"/>
  <testcase classname="com.test.CircPro_ReportsBundleTopsManifestsTest" name="reports_manifest_deliveryTruckRelay" time="23.831"/>
</testsuite> <!-- TC-7 -->
