<?xml version="1.0" encoding="UTF-8"?>
<!-- Generated by org.testng.reporters.JUnitXMLReporter -->
<testsuite ignored="2" hostname="del1-lhp-n68376" failures="0" tests="4" name="SmokeTest-Naviga-xyzApplication" time="101.966" errors="0" timestamp="22 Mar 2020 12:29:43 GMT">
  <testcase classname="com.test.CircPro_LoginTest" name="invalid_login" time="3.663"/>
  <testcase classname="com.test.CircPro_LoginTest" name="invalid_loginblank" time="3.217"/>
  <testcase classname="com.test.CircPro_LoginTest" name="login_circPro" time="7.123"/>
  <testcase classname="com.test.CircPro_RunProcessing_PublishingTest" name="dailyPublicationTest" time="77.729"/>
  <testcase classname="com.autofusion.BaseClass" name="@BeforeSuite getSuitName" time="0.0">
    <ignored/>
  </testcase> <!-- @BeforeSuite getSuitName -->
  <testcase classname="com.autofusion.BaseClass" name="@AfterSuite afterSuite" time="0.0">
    <ignored/>
  </testcase> <!-- @AfterSuite afterSuite -->
</testsuite> <!-- SmokeTest-Naviga-xyzApplication -->
